<?xml version="1.0" encoding="UTF-8"?>
<testng-results ignored="0" total="1" passed="1" failed="0" skipped="0">
  <reporter-output>
  </reporter-output>
  <suite started-at="2024-05-17T13:01:31 IST" name="Default suite" finished-at="2024-05-17T13:01:39 IST" duration-ms="7827">
    <groups>
    </groups>
    <test started-at="2024-05-17T13:01:31 IST" name="Default test" finished-at="2024-05-17T13:01:39 IST" duration-ms="7827">
      <class name="com.dhruv.tests.LoginTest">
        <test-method is-config="true" signature="setUp()[pri:0, instance:com.dhruv.tests.LoginTest@316bcf94]" started-at="2024-05-17T13:01:31 IST" name="setUp" finished-at="2024-05-17T13:01:36 IST" duration-ms="4953" status="PASS">
          <reporter-output>
          </reporter-output>
        </test-method> <!-- setUp -->
        <test-method signature="testInvalidLogin()[pri:0, instance:com.dhruv.tests.LoginTest@316bcf94]" started-at="2024-05-17T13:01:36 IST" name="testInvalidLogin" finished-at="2024-05-17T13:01:38 IST" duration-ms="1791" status="PASS">
          <reporter-output>
          </reporter-output>
        </test-method> <!-- testInvalidLogin -->
        <test-method is-config="true" signature="tearDown()[pri:0, instance:com.dhruv.tests.LoginTest@316bcf94]" started-at="2024-05-17T13:01:38 IST" name="tearDown" finished-at="2024-05-17T13:01:39 IST" duration-ms="1030" status="PASS">
          <reporter-output>
          </reporter-output>
        </test-method> <!-- tearDown -->
      </class> <!-- com.dhruv.tests.LoginTest -->
    </test> <!-- Default test -->
  </suite> <!-- Default suite -->
</testng-results>
